<?xml version="1.0" encoding="UTF-8"?>
<!-- Generated by org.testng.reporters.JUnitReportReporter -->
<testsuite hostname="IN5CG9292KLF" name="Academy.HomePage" tests="2" failures="0" timestamp="12 Oct 2020 16:11:12 GMT" time="86.703" errors="0">
  <testcase name="basePageNavigation" time="37.625" classname="Academy.HomePage"/>
  <testcase name="basePageNavigation" time="49.078" classname="Academy.HomePage"/>
</testsuite> <!-- Academy.HomePage -->
