<?xml version="1.0" encoding="UTF-8"?>
<!-- Generated by org.testng.reporters.JUnitReportReporter -->
<testsuite hostname="IN5CG9292KLF" name="Academy.validateNavigationBar" tests="1" failures="0" timestamp="12 Oct 2020 16:11:12 GMT" time="0.093" errors="0">
  <testcase name="validateAppNavBar" time="0.093" classname="Academy.validateNavigationBar"/>
</testsuite> <!-- Academy.validateNavigationBar -->
