<?xml version="1.0" encoding="UTF-8"?>
<!-- Generated by org.testng.reporters.JUnitReportReporter -->
<testsuite hostname="IN5CG9292KLF" name="Academy.validateTitle" tests="2" failures="0" timestamp="12 Oct 2020 16:11:12 GMT" time="0.092" errors="0">
  <testcase name="validateAppTitle" time="0.049" classname="Academy.validateTitle"/>
  <testcase name="validateHeader" time="0.043" classname="Academy.validateTitle"/>
</testsuite> <!-- Academy.validateTitle -->
