<?xml version="1.0" encoding="UTF-8"?>
<!-- Generated by org.testng.reporters.JUnitReportReporter -->
<testsuite skipped="0" hostname="IN5CG9292KLF" name="Academy.validateTitle" tests="2" failures="0" timestamp="2020-11-17T05:09:47 IST" time="0.219" errors="0">
  <testcase name="validateHeader" time="0.076" classname="Academy.validateTitle"/>
  <system-out/>
  <testcase name="validateAppTitle" time="0.143" classname="Academy.validateTitle"/>
  <system-out/>
</testsuite> <!-- Academy.validateTitle -->
